<?xml version="1.0" encoding="UTF-8"?>
<testng-results ignored="0" total="2" passed="2" failed="0" skipped="0">
  <reporter-output>
  </reporter-output>
  <suite started-at="2025-09-24T18:13:21 IST" name="Default suite" finished-at="2025-09-24T18:13:49 IST" duration-ms="28151">
    <groups>
    </groups>
    <test started-at="2025-09-24T18:13:21 IST" name="Default test" finished-at="2025-09-24T18:13:49 IST" duration-ms="28151">
      <class name="amazonautomate.AmazonErrorTest">
        <test-method is-config="true" signature="setUp()[pri:0, instance:amazonautomate.AmazonErrorTest@55dfcc6]" started-at="2025-09-24T18:13:22 IST" name="setUp" finished-at="2025-09-24T18:13:25 IST" duration-ms="2766" status="PASS">
          <reporter-output>
          </reporter-output>
        </test-method> <!-- setUp -->
        <test-method signature="amazonTest(java.util.ArrayList)[pri:0, instance:amazonautomate.AmazonErrorTest@55dfcc6]" started-at="2025-09-24T18:13:25 IST" name="amazonTest" data-provider="excelDataProvider" finished-at="2025-09-24T18:13:35 IST" duration-ms="10421" status="PASS">
          <params>
            <param index="0">
              <value>
                <![CDATA[[Login1, 733958788, Mali29@Amazon, Apple iPhone 14, SAMSUNG Galaxy S25, OnePlus Nord, POCO M6, Redmi 15, Invalid mobile number]]]>
              </value>
            </param>
          </params>
          <reporter-output>
          </reporter-output>
        </test-method> <!-- amazonTest -->
        <test-method is-config="true" signature="tearDown()[pri:0, instance:amazonautomate.AmazonErrorTest@55dfcc6]" started-at="2025-09-24T18:13:35 IST" name="tearDown" finished-at="2025-09-24T18:13:36 IST" duration-ms="324" status="PASS">
          <reporter-output>
          </reporter-output>
        </test-method> <!-- tearDown -->
        <test-method is-config="true" signature="setUp()[pri:0, instance:amazonautomate.AmazonErrorTest@55dfcc6]" started-at="2025-09-24T18:13:36 IST" name="setUp" finished-at="2025-09-24T18:13:39 IST" duration-ms="3693" status="PASS">
          <reporter-output>
          </reporter-output>
        </test-method> <!-- setUp -->
        <test-method signature="amazonTest(java.util.ArrayList)[pri:0, instance:amazonautomate.AmazonErrorTest@55dfcc6]" started-at="2025-09-24T18:13:39 IST" name="amazonTest" data-provider="excelDataProvider" finished-at="2025-09-24T18:13:49 IST" duration-ms="9828" status="PASS">
          <params>
            <param index="0">
              <value>
                <![CDATA[[Login2, 7339585788, Mali29@Amzon, Apple iPone 14, NULL, NULL, NULL, NULL, There was a problem]]]>
              </value>
            </param>
          </params>
          <reporter-output>
          </reporter-output>
        </test-method> <!-- amazonTest -->
        <test-method is-config="true" signature="tearDown()[pri:0, instance:amazonautomate.AmazonErrorTest@55dfcc6]" started-at="2025-09-24T18:13:49 IST" name="tearDown" finished-at="2025-09-24T18:13:49 IST" duration-ms="359" status="PASS">
          <reporter-output>
          </reporter-output>
        </test-method> <!-- tearDown -->
      </class> <!-- amazonautomate.AmazonErrorTest -->
    </test> <!-- Default test -->
  </suite> <!-- Default suite -->
</testng-results>
