<?xml version="1.0" encoding="UTF-8"?>
<testng-results ignored="0" total="6" passed="3" failed="3" skipped="0">
  <reporter-output>
  </reporter-output>
  <suite started-at="2025-08-08T17:38:00 IST" name="Default suite" finished-at="2025-08-08T17:38:50 IST" duration-ms="49608">
    <groups>
    </groups>
    <test started-at="2025-08-08T17:38:00 IST" name="Default test" finished-at="2025-08-08T17:38:50 IST" duration-ms="49608">
      <class name="datadrivenauomation.SampleTest">
        <test-method is-config="true" signature="setup()[pri:0, instance:datadrivenauomation.SampleTest@64c63c79]" started-at="2025-08-08T17:38:00 IST" name="setup" finished-at="2025-08-08T17:38:01 IST" duration-ms="1440" status="PASS">
          <reporter-output>
          </reporter-output>
        </test-method> <!-- setup -->
        <test-method signature="dataDrivenTest(java.util.ArrayList)[pri:0, instance:datadrivenauomation.SampleTest@64c63c79]" started-at="2025-08-08T17:38:02 IST" name="dataDrivenTest" data-provider="excelDataProvider" finished-at="2025-08-08T17:38:07 IST" duration-ms="4359" status="PASS">
          <params>
            <param index="0">
              <value>
                <![CDATA[[Login, rahulshettyacademy, learning, ✅ Login successful]]]>
              </value>
            </param>
          </params>
          <reporter-output>
          </reporter-output>
        </test-method> <!-- dataDrivenTest -->
        <test-method signature="dataDrivenTest(java.util.ArrayList)[pri:0, instance:datadrivenauomation.SampleTest@64c63c79]" started-at="2025-08-08T17:38:07 IST" name="dataDrivenTest" data-provider="excelDataProvider" finished-at="2025-08-08T17:38:18 IST" duration-ms="11570" status="FAIL">
          <params>
            <param index="0">
              <value>
                <![CDATA[[Login, rahulshettyacademy, leaning, ❌ Login failed: ]]]>
              </value>
            </param>
          </params>
          <exception class="java.lang.AssertionError">
            <message>
              <![CDATA[Login failed: ]]>
            </message>
            <full-stacktrace>
              <![CDATA[java.lang.AssertionError: Login failed: 
at org.testng.Assert.fail(Assert.java:111)
at datadrivenauomation.SampleTest.runLoginTest(SampleTest.java:62)
at datadrivenauomation.SampleTest.dataDrivenTest(SampleTest.java:38)
at java.base/jdk.internal.reflect.DirectMethodHandleAccessor.invoke(DirectMethodHandleAccessor.java:104)
at java.base/java.lang.reflect.Method.invoke(Method.java:565)
at org.testng.internal.invokers.MethodInvocationHelper.invokeMethod(MethodInvocationHelper.java:141)
at org.testng.internal.invokers.TestInvoker.invokeMethod(TestInvoker.java:686)
at org.testng.internal.invokers.TestInvoker.invokeTestMethod(TestInvoker.java:230)
at org.testng.internal.invokers.MethodRunner.runInSequence(MethodRunner.java:63)
at org.testng.internal.invokers.TestInvoker$MethodInvocationAgent.invoke(TestInvoker.java:992)
at org.testng.internal.invokers.TestInvoker.invokeTestMethods(TestInvoker.java:203)
at org.testng.internal.invokers.TestMethodWorker.invokeTestMethods(TestMethodWorker.java:154)
at org.testng.internal.invokers.TestMethodWorker.run(TestMethodWorker.java:134)
at java.base/java.util.ArrayList.forEach(ArrayList.java:1604)
at org.testng.TestRunner.privateRun(TestRunner.java:739)
at org.testng.TestRunner.run(TestRunner.java:614)
at org.testng.SuiteRunner.runTest(SuiteRunner.java:421)
at org.testng.SuiteRunner.runSequentially(SuiteRunner.java:413)
at org.testng.SuiteRunner.privateRun(SuiteRunner.java:373)
at org.testng.SuiteRunner.run(SuiteRunner.java:312)
at org.testng.SuiteRunnerWorker.runSuite(SuiteRunnerWorker.java:52)
at org.testng.SuiteRunnerWorker.run(SuiteRunnerWorker.java:95)
at org.testng.TestNG.runSuitesSequentially(TestNG.java:1274)
at org.testng.TestNG.runSuitesLocally(TestNG.java:1208)
at org.testng.TestNG.runSuites(TestNG.java:1112)
at org.testng.TestNG.run(TestNG.java:1079)
at org.testng.remote.AbstractRemoteTestNG.run(AbstractRemoteTestNG.java:115)
at org.testng.remote.RemoteTestNG.initAndRun(RemoteTestNG.java:293)
at org.testng.remote.RemoteTestNG.main(RemoteTestNG.java:91)
]]>
            </full-stacktrace>
          </exception> <!-- java.lang.AssertionError -->
          <reporter-output>
          </reporter-output>
        </test-method> <!-- dataDrivenTest -->
        <test-method signature="dataDrivenTest(java.util.ArrayList)[pri:0, instance:datadrivenauomation.SampleTest@64c63c79]" started-at="2025-08-08T17:38:18 IST" name="dataDrivenTest" data-provider="excelDataProvider" finished-at="2025-08-08T17:38:30 IST" duration-ms="11477" status="FAIL">
          <params>
            <param index="0">
              <value>
                <![CDATA[[Login, rahulshettacademy, learning, ❌ Login failed: ]]]>
              </value>
            </param>
          </params>
          <exception class="java.lang.AssertionError">
            <message>
              <![CDATA[Login failed: ]]>
            </message>
            <full-stacktrace>
              <![CDATA[java.lang.AssertionError: Login failed: 
at org.testng.Assert.fail(Assert.java:111)
at datadrivenauomation.SampleTest.runLoginTest(SampleTest.java:62)
at datadrivenauomation.SampleTest.dataDrivenTest(SampleTest.java:38)
at java.base/jdk.internal.reflect.DirectMethodHandleAccessor.invoke(DirectMethodHandleAccessor.java:104)
at java.base/java.lang.reflect.Method.invoke(Method.java:565)
at org.testng.internal.invokers.MethodInvocationHelper.invokeMethod(MethodInvocationHelper.java:141)
at org.testng.internal.invokers.TestInvoker.invokeMethod(TestInvoker.java:686)
at org.testng.internal.invokers.TestInvoker.invokeTestMethod(TestInvoker.java:230)
at org.testng.internal.invokers.MethodRunner.runInSequence(MethodRunner.java:63)
at org.testng.internal.invokers.TestInvoker$MethodInvocationAgent.invoke(TestInvoker.java:992)
at org.testng.internal.invokers.TestInvoker.invokeTestMethods(TestInvoker.java:203)
at org.testng.internal.invokers.TestMethodWorker.invokeTestMethods(TestMethodWorker.java:154)
at org.testng.internal.invokers.TestMethodWorker.run(TestMethodWorker.java:134)
at java.base/java.util.ArrayList.forEach(ArrayList.java:1604)
at org.testng.TestRunner.privateRun(TestRunner.java:739)
at org.testng.TestRunner.run(TestRunner.java:614)
at org.testng.SuiteRunner.runTest(SuiteRunner.java:421)
at org.testng.SuiteRunner.runSequentially(SuiteRunner.java:413)
at org.testng.SuiteRunner.privateRun(SuiteRunner.java:373)
at org.testng.SuiteRunner.run(SuiteRunner.java:312)
at org.testng.SuiteRunnerWorker.runSuite(SuiteRunnerWorker.java:52)
at org.testng.SuiteRunnerWorker.run(SuiteRunnerWorker.java:95)
at org.testng.TestNG.runSuitesSequentially(TestNG.java:1274)
at org.testng.TestNG.runSuitesLocally(TestNG.java:1208)
at org.testng.TestNG.runSuites(TestNG.java:1112)
at org.testng.TestNG.run(TestNG.java:1079)
at org.testng.remote.AbstractRemoteTestNG.run(AbstractRemoteTestNG.java:115)
at org.testng.remote.RemoteTestNG.initAndRun(RemoteTestNG.java:293)
at org.testng.remote.RemoteTestNG.main(RemoteTestNG.java:91)
]]>
            </full-stacktrace>
          </exception> <!-- java.lang.AssertionError -->
          <reporter-output>
          </reporter-output>
        </test-method> <!-- dataDrivenTest -->
        <test-method signature="dataDrivenTest(java.util.ArrayList)[pri:0, instance:datadrivenauomation.SampleTest@64c63c79]" started-at="2025-08-08T17:38:30 IST" name="dataDrivenTest" data-provider="excelDataProvider" finished-at="2025-08-08T17:38:41 IST" duration-ms="11907" status="FAIL">
          <params>
            <param index="0">
              <value>
                <![CDATA[[Login, rahulshettacadem, learnin, ❌ Login failed: ]]]>
              </value>
            </param>
          </params>
          <exception class="java.lang.AssertionError">
            <message>
              <![CDATA[Login failed: ]]>
            </message>
            <full-stacktrace>
              <![CDATA[java.lang.AssertionError: Login failed: 
at org.testng.Assert.fail(Assert.java:111)
at datadrivenauomation.SampleTest.runLoginTest(SampleTest.java:62)
at datadrivenauomation.SampleTest.dataDrivenTest(SampleTest.java:38)
at java.base/jdk.internal.reflect.DirectMethodHandleAccessor.invoke(DirectMethodHandleAccessor.java:104)
at java.base/java.lang.reflect.Method.invoke(Method.java:565)
at org.testng.internal.invokers.MethodInvocationHelper.invokeMethod(MethodInvocationHelper.java:141)
at org.testng.internal.invokers.TestInvoker.invokeMethod(TestInvoker.java:686)
at org.testng.internal.invokers.TestInvoker.invokeTestMethod(TestInvoker.java:230)
at org.testng.internal.invokers.MethodRunner.runInSequence(MethodRunner.java:63)
at org.testng.internal.invokers.TestInvoker$MethodInvocationAgent.invoke(TestInvoker.java:992)
at org.testng.internal.invokers.TestInvoker.invokeTestMethods(TestInvoker.java:203)
at org.testng.internal.invokers.TestMethodWorker.invokeTestMethods(TestMethodWorker.java:154)
at org.testng.internal.invokers.TestMethodWorker.run(TestMethodWorker.java:134)
at java.base/java.util.ArrayList.forEach(ArrayList.java:1604)
at org.testng.TestRunner.privateRun(TestRunner.java:739)
at org.testng.TestRunner.run(TestRunner.java:614)
at org.testng.SuiteRunner.runTest(SuiteRunner.java:421)
at org.testng.SuiteRunner.runSequentially(SuiteRunner.java:413)
at org.testng.SuiteRunner.privateRun(SuiteRunner.java:373)
at org.testng.SuiteRunner.run(SuiteRunner.java:312)
at org.testng.SuiteRunnerWorker.runSuite(SuiteRunnerWorker.java:52)
at org.testng.SuiteRunnerWorker.run(SuiteRunnerWorker.java:95)
at org.testng.TestNG.runSuitesSequentially(TestNG.java:1274)
at org.testng.TestNG.runSuitesLocally(TestNG.java:1208)
at org.testng.TestNG.runSuites(TestNG.java:1112)
at org.testng.TestNG.run(TestNG.java:1079)
at org.testng.remote.AbstractRemoteTestNG.run(AbstractRemoteTestNG.java:115)
at org.testng.remote.RemoteTestNG.initAndRun(RemoteTestNG.java:293)
at org.testng.remote.RemoteTestNG.main(RemoteTestNG.java:91)
]]>
            </full-stacktrace>
          </exception> <!-- java.lang.AssertionError -->
          <reporter-output>
          </reporter-output>
        </test-method> <!-- dataDrivenTest -->
        <test-method signature="dataDrivenTest(java.util.ArrayList)[pri:0, instance:datadrivenauomation.SampleTest@64c63c79]" started-at="2025-08-08T17:38:41 IST" name="dataDrivenTest" data-provider="excelDataProvider" finished-at="2025-08-08T17:38:45 IST" duration-ms="3837" status="PASS">
          <params>
            <param index="0">
              <value>
                <![CDATA[[Purchase, iphone X, Samsung Note 8, Nokia Edge, ✅ Products added to cart]]]>
              </value>
            </param>
          </params>
          <reporter-output>
          </reporter-output>
        </test-method> <!-- dataDrivenTest -->
        <test-method signature="dataDrivenTest(java.util.ArrayList)[pri:0, instance:datadrivenauomation.SampleTest@64c63c79]" started-at="2025-08-08T17:38:45 IST" name="dataDrivenTest" data-provider="excelDataProvider" finished-at="2025-08-08T17:38:49 IST" duration-ms="3882" status="PASS">
          <params>
            <param index="0">
              <value>
                <![CDATA[[Purchase, iphone X, Microsoft, Nokia Edge, ✅ Products added to cart]]]>
              </value>
            </param>
          </params>
          <reporter-output>
          </reporter-output>
        </test-method> <!-- dataDrivenTest -->
        <test-method is-config="true" signature="tearDown()[pri:0, instance:datadrivenauomation.SampleTest@64c63c79]" started-at="2025-08-08T17:38:49 IST" name="tearDown" finished-at="2025-08-08T17:38:50 IST" duration-ms="321" status="PASS">
          <reporter-output>
          </reporter-output>
        </test-method> <!-- tearDown -->
      </class> <!-- datadrivenauomation.SampleTest -->
    </test> <!-- Default test -->
  </suite> <!-- Default suite -->
</testng-results>
