<?xml version="1.0" encoding="UTF-8"?>
<!-- Generated by org.testng.reporters.JUnitReportReporter -->
<testsuite hostname="FTFA-TEM003" failures="0" tests="2" name="amazonautomate.AmazonErrorTest" time="27.391" errors="0" timestamp="2025-09-24T18:13:50 IST" skipped="0">
  <testcase classname="amazonautomate.AmazonErrorTest" name="amazonTest" time="14.473"/>
  <testcase classname="amazonautomate.AmazonErrorTest" name="amazonTest" time="12.918"/>
</testsuite> <!-- amazonautomate.AmazonErrorTest -->
