<?xml version="1.0" encoding="UTF-8"?>
<!-- Generated by org.testng.reporters.JUnitReportReporter -->
<testsuite hostname="FTFA-TEM003" failures="0" tests="2" name="amazonautomate.AmazonErrorTest" time="41.045" errors="0" timestamp="2025-09-25T12:24:41 IST" skipped="0">
  <testcase classname="amazonautomate.AmazonErrorTest" name="amazonTest" time="21.008"/>
  <testcase classname="amazonautomate.AmazonErrorTest" name="amazonTest" time="20.037"/>
</testsuite> <!-- amazonautomate.AmazonErrorTest -->
