<?xml version="1.0" encoding="UTF-8"?>
<!-- Generated by org.testng.reporters.JUnitReportReporter -->
<testsuite hostname="FTFA-TEM003" failures="0" tests="2" name="datadrivenauomation.SampleTest" time="8.186" errors="0" timestamp="2025-08-07T17:39:53 IST" skipped="0">
  <testcase classname="datadrivenauomation.SampleTest" name="dataDrivenTest" time="4.327"/>
  <testcase classname="datadrivenauomation.SampleTest" name="dataDrivenTest" time="3.859"/>
</testsuite> <!-- datadrivenauomation.SampleTest -->
