<?xml version="1.0" encoding="UTF-8"?>
<!-- Generated by org.testng.reporters.JUnitReportReporter -->
<testsuite hostname="FTFA-TEM003" failures="0" tests="2" name="excelExample.DataProvideExample" time="0.024" errors="0" timestamp="2025-08-18T22:39:02 IST" skipped="0">
  <testcase classname="excelExample.DataProvideExample" name="testCaseData" time="0.021"/>
  <testcase classname="excelExample.DataProvideExample" name="testCaseData" time="0.003"/>
</testsuite> <!-- excelExample.DataProvideExample -->
